2023-09-22 12:41:06,617:daily_prep.morning_routine:Lot Size Mismatch for BERGEPAINT. Zerodha = 1320 != 1100 = History File. Using 1320
2023-09-22 12:41:06,618:daily_prep.morning_routine:Lot Size Mismatch for PFC. Zerodha = 7750 != 6200 = History File. Using 7750
2023-09-22 12:41:06,618:daily_prep.morning_routine:Lot Size Mismatch for POWERGRID. Zerodha = 3600 != 2700 = History File. Using 3600
2023-09-22 12:41:06,622:daily_prep.morning_routine:Historical Symbol Data file created at /Users/kanavgupta/Desktop/pollytrading/daily_prep/daily_files/2023-09-22_hist_sym_data_dict.json
2023-09-22 12:44:09,214:daily_prep.morning_routine:Number of Symbols MISMATCH: Loaded Symbols = 186 from /Users/kanavgupta/Desktop/pollytrading/daily_prep/daily_files/2023-09-22_hist_sym_data_dict.json | Expected = 187 
2023-09-22 12:57:26,482:daily_prep.morning_routine:Number of Symbols MISMATCH: Loaded Symbols = 186 from /Users/kanavgupta/Desktop/pollytrading/daily_prep/daily_files/2023-09-22_hist_sym_data_dict.json | Expected = 187 
2023-09-22 12:57:40,608:daily_prep.morning_routine:Number of Symbols MISMATCH: Loaded Symbols = 186 from /Users/kanavgupta/Desktop/pollytrading/daily_prep/daily_files/2023-09-22_hist_sym_data_dict.json | Expected = 187 
2023-09-22 13:08:30,817:daily_prep.morning_routine:Number of Symbols MISMATCH: Loaded Symbols = 186 from /Users/kanavgupta/Desktop/pollytrading/daily_prep/daily_files/2023-09-22_hist_sym_data_dict.json | Expected = 187 
2023-09-22 13:10:10,349:daily_prep.morning_routine:Number of Symbols MISMATCH: Loaded Symbols = 186 from /Users/kanavgupta/Desktop/pollytrading/daily_prep/daily_files/2023-09-22_hist_sym_data_dict.json | Expected = 187 
2023-09-22 13:12:42,637:daily_prep.morning_routine:Number of Symbols MISMATCH: Loaded Symbols = 186 from /Users/kanavgupta/Desktop/pollytrading/daily_prep/daily_files/2023-09-22_hist_sym_data_dict.json | Expected = 187 
2023-09-22 13:15:12,798:daily_prep.morning_routine:Lot Size Mismatch for BERGEPAINT. Zerodha = 1320 != 1100 = History File. Using 1320
2023-09-22 13:15:12,798:daily_prep.morning_routine:Lot Size Mismatch for PFC. Zerodha = 7750 != 6200 = History File. Using 7750
2023-09-22 13:15:12,798:daily_prep.morning_routine:Lot Size Mismatch for POWERGRID. Zerodha = 3600 != 2700 = History File. Using 3600
2023-09-22 13:15:12,803:daily_prep.morning_routine:Historical Symbol Data file created at /Users/kanavgupta/Desktop/pollytrading/daily_prep/daily_files/2023-09-22_hist_sym_data_dict.json
2023-09-22 13:18:03,024:daily_prep.morning_routine:Number of Symbols MISMATCH: Loaded Symbols = 186 from /Users/kanavgupta/Desktop/pollytrading/daily_prep/daily_files/2023-09-22_hist_sym_data_dict.json | Expected = 187 
2023-09-22 13:19:09,619:daily_prep.morning_routine:Number of Symbols MISMATCH: Loaded Symbols = 186 from /Users/kanavgupta/Desktop/pollytrading/daily_prep/daily_files/2023-09-22_hist_sym_data_dict.json | Expected = 187 
2023-09-22 13:19:35,462:daily_prep.morning_routine:Number of Symbols MISMATCH: Loaded Symbols = 186 from /Users/kanavgupta/Desktop/pollytrading/daily_prep/daily_files/2023-09-22_hist_sym_data_dict.json | Expected = 187 
2023-09-22 13:21:50,972:daily_prep.morning_routine:Number of Symbols MISMATCH: Loaded Symbols = 186 from /Users/kanavgupta/Desktop/pollytrading/daily_prep/daily_files/2023-09-22_hist_sym_data_dict.json | Expected = 187 
2023-09-22 13:53:53,511:daily_prep.morning_routine:Number of Symbols MISMATCH: Loaded Symbols = 186 from /Users/kanavgupta/Desktop/pollytrading/daily_prep/daily_files/2023-09-22_hist_sym_data_dict.json | Expected = 187 
2023-09-22 13:54:08,139:daily_prep.morning_routine:Number of Symbols MISMATCH: Loaded Symbols = 186 from /Users/kanavgupta/Desktop/pollytrading/daily_prep/daily_files/2023-09-22_hist_sym_data_dict.json | Expected = 187 
2023-09-22 13:58:15,614:daily_prep.morning_routine:Number of Symbols MISMATCH: Loaded Symbols = 186 from /Users/kanavgupta/Desktop/pollytrading/daily_prep/daily_files/2023-09-22_hist_sym_data_dict.json | Expected = 187 
