2023-09-22 12:41:06,623:run.run:Starting The Cyclic Application
2023-09-22 12:41:06,812:run.run:Successfully written at 2023-09-22 12:41:06.812104
2023-09-22 12:44:09,214:run.run:Starting The Cyclic Application
2023-09-22 12:44:09,435:run.run:Successfully written at 2023-09-22 12:44:09.435390
2023-09-22 12:57:26,483:run.run:Starting The Cyclic Application
2023-09-22 12:57:40,608:run.run:Starting The Cyclic Application
2023-09-22 12:57:40,838:run.run:Successfully written at 2023-09-22 12:57:40.838012
2023-09-22 13:08:30,817:run.run:Starting The Cyclic Application
2023-09-22 13:10:10,350:run.run:Starting The Cyclic Application
2023-09-22 13:12:42,637:run.run:Starting The Cyclic Application
2023-09-22 13:15:12,803:run.run:Starting The Cyclic Application
2023-09-22 13:18:03,024:run.run:Starting The Cyclic Application
2023-09-22 13:19:09,620:run.run:Starting The Cyclic Application
2023-09-22 13:19:09,835:run.run:Successfully written at 2023-09-22 13:19:09.835430
2023-09-22 13:19:35,463:run.run:Starting The Cyclic Application
2023-09-22 13:19:35,709:run.run:Successfully written at 2023-09-22 13:19:35.709239
2023-09-22 13:21:50,972:run.run:Starting The Cyclic Application
2023-09-22 13:21:51,215:run.run:Successfully written at 2023-09-22 13:21:51.215831
2023-09-22 13:29:51,524:run.run:   Found one at ALKEM with D.QTY = 0.050387596899224806 
2023-09-22 13:29:51,525:run.run:   Found one at AMBUJACEM with D.QTY = 0.037334263782274946 
2023-09-22 13:29:51,525:run.run:   Found one at ASTRAL with D.QTY = 0.15435356200527706 
2023-09-22 13:29:51,525:run.run:   Found one at BAJAJ-AUTO with D.QTY = 0.03642987249544627 
2023-09-22 13:29:51,525:run.run:   Found one at BATAINDIA with D.QTY = 0.05515587529976019 
2023-09-22 13:29:51,525:run.run:   Found one at BERGEPAINT with D.QTY = 0.04824561403508772 
2023-09-22 13:29:51,525:run.run:   Found one at BOSCHLTD with D.QTY = 0.039473684210526314 
2023-09-22 13:29:51,525:run.run:   Found one at BSOFT with D.QTY = 0.08037825059101655 
2023-09-22 13:29:51,525:run.run:   Found one at CHAMBLFERT with D.QTY = 0.03810775295663601 
2023-09-22 13:29:51,525:run.run:   Found one at CIPLA with D.QTY = 0.03747870528109029 
2023-09-22 13:29:51,525:run.run:   Found one at COFORGE with D.QTY = 0.037815126050420166 
2023-09-22 13:29:51,525:run.run:   Found one at COROMANDEL with D.QTY = 0.04430379746835443 
2023-09-22 13:29:51,525:run.run:   Found one at CROMPTON with D.QTY = 0.03664921465968586 
2023-09-22 13:29:51,525:run.run:   Found one at DIVISLAB with D.QTY = 0.05026929982046679 
2023-09-22 13:29:51,525:run.run:   Found one at ESCORTS with D.QTY = 0.04005524861878453 
2023-09-22 13:29:51,525:run.run:   Found one at GLENMARK with D.QTY = 0.04933586337760911 
2023-09-22 13:29:51,525:run.run:   Found one at GODREJPROP with D.QTY = 0.05922865013774105 
2023-09-22 13:29:51,525:run.run:   Found one at GRANULES with D.QTY = 0.14926931106471816 
2023-09-22 13:29:51,526:run.run:   Found one at HCLTECH with D.QTY = 0.038434163701067614 
2023-09-22 13:29:51,526:run.run:   Found one at HDFCAMC with D.QTY = 0.04142011834319527 
2023-09-22 13:29:51,526:run.run:   Found one at ICICIPRULI with D.QTY = 0.05172413793103448 
2023-09-22 13:29:51,526:run.run:   Found one at IDFC with D.QTY = 0.055036344755970926 
2023-09-22 13:29:51,526:run.run:   Found one at INDHOTEL with D.QTY = 0.06906077348066299 
2023-09-22 13:29:51,526:run.run:   Found one at INDIACEM with D.QTY = 0.03911735205616851 
2023-09-22 13:29:51,526:run.run:   Found one at INDIGO with D.QTY = 0.04618473895582329 
2023-09-22 13:29:51,526:run.run:   Found one at INDUSINDBK with D.QTY = 0.03694083694083694 
2023-09-22 13:29:51,526:run.run:   Found one at INDUSTOWER with D.QTY = 0.035213462137737614 
2023-09-22 13:29:51,526:run.run:   Found one at LALPATHLAB with D.QTY = 0.05037783375314862 
2023-09-22 13:29:51,526:run.run:   Found one at LAURUSLABS with D.QTY = 0.06028169014084507 
2023-09-22 13:29:51,526:run.run:   Found one at LICHSGFIN with D.QTY = 0.04778156996587031 
2023-09-22 13:29:51,526:run.run:   Found one at MARICO with D.QTY = 0.09696969696969697 
2023-09-22 13:29:51,526:run.run:   Found one at MARUTI with D.QTY = 0.06341463414634146 
2023-09-22 13:29:51,526:run.run:   Found one at MCX with D.QTY = 0.0703883495145631 
2023-09-22 13:29:51,526:run.run:   Found one at MFSL with D.QTY = 0.04198473282442748 
2023-09-22 13:29:51,526:run.run:   Found one at MUTHOOTFIN with D.QTY = 0.03819918144611187 
2023-09-22 13:29:51,526:run.run:   Found one at NAUKRI with D.QTY = 0.04609218436873747 
2023-09-22 13:29:51,527:run.run:   Found one at NAVINFLUOR with D.QTY = 0.037940379403794036 
2023-09-22 13:29:51,527:run.run:   Found one at NESTLEIND with D.QTY = 0.03642384105960265 
2023-09-22 13:29:51,527:run.run:   Found one at PERSISTENT with D.QTY = 0.05057096247960848 
2023-09-22 13:29:51,527:run.run:   Found one at POLYCAB with D.QTY = 0.06371681415929203 
2023-09-22 13:29:51,527:run.run:   Found one at RECLTD with D.QTY = 0.06193895870736086 
2023-09-22 13:29:51,527:run.run:   Found one at SHREECEM with D.QTY = 0.044585987261146494 
2023-09-22 13:29:51,527:run.run:   Found one at SHRIRAMFIN with D.QTY = 0.04229607250755287 
2023-09-22 13:29:51,527:run.run:   Found one at SRF with D.QTY = 0.04820627802690583 
2023-09-22 13:29:51,527:run.run:   Found one at SUNTV with D.QTY = 0.045346062052505964 
2023-09-22 13:29:51,527:run.run:   Found one at TRENT with D.QTY = 0.0728744939271255 
2023-09-22 13:29:51,527:run.run:   Found one at ULTRACEMCO with D.QTY = 0.045168067226890755 
2023-09-22 13:29:51,527:run.run:   Found one at VOLTAS with D.QTY = 0.03568075117370892 
2023-09-22 13:29:51,530:run.run:Successfully written at 2023-09-22 13:29:51.530883
2023-09-22 13:37:51,802:run.run:   Found one at ASIANPAINT with D.QTY = 0.1192468619246862 
2023-09-22 13:37:51,802:run.run:   Found one at AUBANK with D.QTY = 0.05837264150943396 
2023-09-22 13:37:51,802:run.run:   Found one at BAJAJ-AUTO with D.QTY = 0.04553734061930783 
2023-09-22 13:37:51,802:run.run:   Found one at BANKBARODA with D.QTY = 0.04652624960704181 
2023-09-22 13:37:51,803:run.run:   Found one at BANKNIFTY with D.QTY = 0.049536889953322415 
2023-09-22 13:37:51,803:run.run:   Found one at BERGEPAINT with D.QTY = 0.05701754385964912 
2023-09-22 13:37:51,803:run.run:   Found one at BHARATFORG with D.QTY = 0.05372405372405373 
2023-09-22 13:37:51,803:run.run:   Found one at BOSCHLTD with D.QTY = 0.07017543859649122 
2023-09-22 13:37:51,803:run.run:   Found one at BRITANNIA with D.QTY = 0.04101326899879373 
2023-09-22 13:37:51,803:run.run:   Found one at BSOFT with D.QTY = 0.06619385342789598 
2023-09-22 13:37:51,803:run.run:   Found one at CHOLAFIN with D.QTY = 0.06283422459893048 
2023-09-22 13:37:51,803:run.run:   Found one at CIPLA with D.QTY = 0.05281090289608177 
2023-09-22 13:37:51,803:run.run:   Found one at COFORGE with D.QTY = 0.05742296918767507 
2023-09-22 13:37:51,803:run.run:   Found one at COLPAL with D.QTY = 0.04926108374384237 
2023-09-22 13:37:51,803:run.run:   Found one at CONCOR with D.QTY = 0.061224489795918366 
2023-09-22 13:37:51,803:run.run:   Found one at CROMPTON with D.QTY = 0.059336823734729496 
2023-09-22 13:37:51,803:run.run:   Found one at DEEPAKNTR with D.QTY = 0.04468412942989214 
2023-09-22 13:37:51,803:run.run:   Found one at DIXON with D.QTY = 0.3063583815028902 
2023-09-22 13:37:51,803:run.run:   Found one at GLENMARK with D.QTY = 0.04174573055028463 
2023-09-22 13:37:51,804:run.run:   Found one at GODREJPROP with D.QTY = 0.03994490358126722 
2023-09-22 13:37:51,804:run.run:   Found one at GRANULES with D.QTY = 0.09498956158663883 
2023-09-22 13:37:51,804:run.run:   Found one at GRASIM with D.QTY = 0.041340782122905026 
2023-09-22 13:37:51,804:run.run:   Found one at HAL with D.QTY = 0.08194343727338652 
2023-09-22 13:37:51,804:run.run:   Found one at HDFCAMC with D.QTY = 0.040105193951347796 
2023-09-22 13:37:51,804:run.run:   Found one at IDFC with D.QTY = 0.06230529595015576 
2023-09-22 13:37:51,804:run.run:   Found one at IDFCFIRSTB with D.QTY = 0.05504587155963303 
2023-09-22 13:37:51,804:run.run:   Found one at IGL with D.QTY = 0.040740740740740744 
2023-09-22 13:37:51,804:run.run:   Found one at INDHOTEL with D.QTY = 0.07642725598526703 
2023-09-22 13:37:51,804:run.run:   Found one at JSWSTEEL with D.QTY = 0.04061371841155235 
2023-09-22 13:37:51,804:run.run:   Found one at LALPATHLAB with D.QTY = 0.04030226700251889 
2023-09-22 13:37:51,804:run.run:   Found one at LICHSGFIN with D.QTY = 0.04436860068259386 
2023-09-22 13:37:51,804:run.run:   Found one at LTTS with D.QTY = 0.04909090909090909 
2023-09-22 13:37:51,804:run.run:   Found one at LUPIN with D.QTY = 0.05357142857142857 
2023-09-22 13:37:51,805:run.run:   Found one at MARICO with D.QTY = 0.09696969696969697 
2023-09-22 13:37:51,805:run.run:   Found one at MARUTI with D.QTY = 0.13658536585365855 
2023-09-22 13:37:51,805:run.run:   Found one at MCDOWELL-N with D.QTY = 0.03580246913580247 
2023-09-22 13:37:51,805:run.run:   Found one at MFSL with D.QTY = 0.07251908396946564 
2023-09-22 13:37:51,805:run.run:   Found one at MOTHERSON with D.QTY = 0.04994192799070848 
2023-09-22 13:37:51,805:run.run:   Found one at MPHASIS with D.QTY = 0.049681528662420385 
2023-09-22 13:37:51,805:run.run:   Found one at MUTHOOTFIN with D.QTY = 0.04229195088676671 
2023-09-22 13:37:51,805:run.run:   Found one at NESTLEIND with D.QTY = 0.09933774834437085 
2023-09-22 13:37:51,805:run.run:   Found one at OFSS with D.QTY = 0.1103448275862069 
2023-09-22 13:37:51,805:run.run:   Found one at PERSISTENT with D.QTY = 0.03588907014681892 
2023-09-22 13:37:51,805:run.run:   Found one at POLYCAB with D.QTY = 0.16460176991150444 
2023-09-22 13:37:51,805:run.run:   Found one at RECLTD with D.QTY = 0.06283662477558348 
2023-09-22 13:37:51,805:run.run:   Found one at SBILIFE with D.QTY = 0.05459770114942529 
2023-09-22 13:37:51,805:run.run:   Found one at SRF with D.QTY = 0.053811659192825115 
2023-09-22 13:37:51,805:run.run:   Found one at TATACHEM with D.QTY = 0.22583333333333333 
2023-09-22 13:37:51,805:run.run:   Found one at TECHM with D.QTY = 0.06597434331093463 
2023-09-22 13:37:51,806:run.run:   Found one at ULTRACEMCO with D.QTY = 0.04779411764705882 
2023-09-22 13:37:51,806:run.run:   Found one at VOLTAS with D.QTY = 0.03755868544600939 
2023-09-22 13:37:51,806:run.run:   Found one at WIPRO with D.QTY = 0.04565385607428424 
2023-09-22 13:37:51,809:run.run:Successfully written at 2023-09-22 13:37:51.809053
2023-09-22 13:45:52,067:run.run:   Found one at ACC with D.QTY = 0.04363312555654497 
2023-09-22 13:45:52,067:run.run:   Found one at ALKEM with D.QTY = 0.06201550387596899 
2023-09-22 13:45:52,067:run.run:   Found one at ASIANPAINT with D.QTY = 0.04602510460251046 
2023-09-22 13:45:52,067:run.run:   Found one at ASTRAL with D.QTY = 0.07783641160949868 
2023-09-22 13:45:52,067:run.run:   Found one at AUROPHARMA with D.QTY = 0.10760667903525047 
2023-09-22 13:45:52,067:run.run:   Found one at AXISBANK with D.QTY = 0.03660784830129049 
2023-09-22 13:45:52,067:run.run:   Found one at BERGEPAINT with D.QTY = 0.07675438596491228 
2023-09-22 13:45:52,067:run.run:   Found one at BHARATFORG with D.QTY = 0.040293040293040296 
2023-09-22 13:45:52,067:run.run:   Found one at BIOCON with D.QTY = 0.10405117270788912 
2023-09-22 13:45:52,067:run.run:   Found one at BOSCHLTD with D.QTY = 0.10526315789473684 
2023-09-22 13:45:52,067:run.run:   Found one at BRITANNIA with D.QTY = 0.04221954161640531 
2023-09-22 13:45:52,067:run.run:   Found one at CHOLAFIN with D.QTY = 0.03609625668449198 
2023-09-22 13:45:52,068:run.run:   Found one at CONCOR with D.QTY = 0.04081632653061224 
2023-09-22 13:45:52,068:run.run:   Found one at CROMPTON with D.QTY = 0.038394415357766144 
2023-09-22 13:45:52,068:run.run:   Found one at CUMMINSIND with D.QTY = 0.06884480746791131 
2023-09-22 13:45:52,068:run.run:   Found one at DIXON with D.QTY = 0.04238921001926782 
2023-09-22 13:45:52,068:run.run:   Found one at DLF with D.QTY = 0.04636290967226219 
2023-09-22 13:45:52,068:run.run:   Found one at EXIDEIND with D.QTY = 0.03841676367869616 
2023-09-22 13:45:52,068:run.run:   Found one at GLENMARK with D.QTY = 0.06072106261859583 
2023-09-22 13:45:52,068:run.run:   Found one at GNFC with D.QTY = 0.03622047244094488 
2023-09-22 13:45:52,068:run.run:   Found one at GRANULES with D.QTY = 0.038622129436325675 
2023-09-22 13:45:52,068:run.run:   Found one at GRASIM with D.QTY = 0.2681564245810056 
2023-09-22 13:45:52,068:run.run:   Found one at M&M with D.QTY = 0.04417910447761194 
2023-09-22 13:45:52,068:run.run:   Found one at MARICO with D.QTY = 0.08484848484848485 
2023-09-22 13:45:52,069:run.run:   Found one at MGL with D.QTY = 0.043478260869565216 
2023-09-22 13:45:52,069:run.run:   Found one at MOTHERSON with D.QTY = 0.10801393728222997 
2023-09-22 13:45:52,069:run.run:   Found one at MUTHOOTFIN with D.QTY = 0.05320600272851296 
2023-09-22 13:45:52,069:run.run:   Found one at NAVINFLUOR with D.QTY = 0.12466124661246612 
2023-09-22 13:45:52,069:run.run:   Found one at OBEROIRLTY with D.QTY = 0.06301369863013699 
2023-09-22 13:45:52,069:run.run:   Found one at OFSS with D.QTY = 0.1793103448275862 
2023-09-22 13:45:52,069:run.run:   Found one at PETRONET with D.QTY = 0.035283194057567316 
2023-09-22 13:45:52,069:run.run:   Found one at POLYCAB with D.QTY = 0.15221238938053097 
2023-09-22 13:45:52,069:run.run:   Found one at RECLTD with D.QTY = 0.03590664272890485 
2023-09-22 13:45:52,069:run.run:   Found one at SHRIRAMFIN with D.QTY = 0.0513595166163142 
2023-09-22 13:45:52,069:run.run:   Found one at SRF with D.QTY = 0.05493273542600897 
2023-09-22 13:45:52,069:run.run:   Found one at SUNTV with D.QTY = 0.057279236276849645 
2023-09-22 13:45:52,069:run.run:   Found one at TATACHEM with D.QTY = 0.057916666666666665 
2023-09-22 13:45:52,069:run.run:   Found one at TECHM with D.QTY = 0.10995723885155773 
2023-09-22 13:45:52,070:run.run:   Found one at TVSMOTOR with D.QTY = 0.044897959183673466 
2023-09-22 13:45:52,070:run.run:   Found one at UBL with D.QTY = 0.041666666666666664 
2023-09-22 13:45:52,070:run.run:   Found one at ULTRACEMCO with D.QTY = 0.04779411764705882 
2023-09-22 13:45:52,070:run.run:   Found one at VOLTAS with D.QTY = 0.09201877934272301 
2023-09-22 13:45:52,073:run.run:Successfully written at 2023-09-22 13:45:52.073071
2023-09-22 13:53:53,512:run.run:Starting The Cyclic Application
2023-09-22 13:53:53,784:run.run:Successfully written at 2023-09-22 13:53:53.784933
2023-09-22 13:54:08,140:run.run:Starting The Cyclic Application
2023-09-22 13:54:08,385:run.run:Successfully written at 2023-09-22 13:54:08.385650
2023-09-22 13:55:08,541:run.run:   Found one at ASTRAL with D.QTY = 0.0712401055408971 
2023-09-22 13:55:08,542:run.run:   Found one at COFORGE with D.QTY = 0.047619047619047616 
2023-09-22 13:55:08,545:run.run:Successfully written at 2023-09-22 13:55:08.545664
2023-09-22 13:56:08,719:run.run:   Found one at DABUR with D.QTY = 0.03888888888888889 
2023-09-22 13:56:08,724:run.run:Successfully written at 2023-09-22 13:56:08.724895
2023-09-22 13:58:15,614:run.run:Starting The Cyclic Application
2023-09-22 13:58:15,837:run.run:Successfully written at 2023-09-22 13:58:15.837129
2023-09-22 14:04:16,020:run.run:   Found one at CROMPTON with D.QTY = 0.49040139616055844 
2023-09-22 14:04:16,020:run.run:   Found one at GRASIM with D.QTY = 0.2424581005586592 
2023-09-22 14:04:16,021:run.run:   Found one at MARICO with D.QTY = 0.16363636363636364 
2023-09-22 14:04:16,021:run.run:   Found one at ONGC with D.QTY = 0.1099476439790576 
2023-09-22 14:04:16,021:run.run:   Found one at POLYCAB with D.QTY = 0.13805309734513274 
2023-09-22 14:04:16,021:run.run:   Found one at RECLTD with D.QTY = 0.10053859964093358 
2023-09-22 14:04:16,024:run.run:Successfully written at 2023-09-22 14:04:16.024140
2023-09-22 14:10:16,231:run.run:Successfully written at 2023-09-22 14:10:16.231374
2023-09-22 14:16:16,414:run.run:   Found one at JKCEMENT with D.QTY = 0.144 
2023-09-22 14:16:16,415:run.run:   Found one at POLYCAB with D.QTY = 0.15575221238938053 
2023-09-22 14:16:16,415:run.run:   Found one at RECLTD with D.QTY = 0.1059245960502693 
2023-09-22 14:16:16,419:run.run:Successfully written at 2023-09-22 14:16:16.419564
2023-09-22 14:22:16,580:run.run:   Found one at PAGEIND with D.QTY = 0.1110056925996205 
2023-09-22 14:22:16,580:run.run:   Found one at POLYCAB with D.QTY = 0.1433628318584071 
2023-09-22 14:22:16,583:run.run:Successfully written at 2023-09-22 14:22:16.583071
2023-09-22 14:28:16,729:run.run:   Found one at ICICIGI with D.QTY = 0.13636363636363635 
2023-09-22 14:28:16,730:run.run:   Found one at JSWSTEEL with D.QTY = 0.11462093862815885 
2023-09-22 14:28:16,730:run.run:   Found one at MARICO with D.QTY = 0.12121212121212122 
2023-09-22 14:28:16,730:run.run:   Found one at POLYCAB with D.QTY = 0.22654867256637168 
2023-09-22 14:28:16,734:run.run:Successfully written at 2023-09-22 14:28:16.734275
2023-09-22 14:34:16,875:run.run:   Found one at ICICIGI with D.QTY = 0.17613636363636365 
2023-09-22 14:34:16,876:run.run:   Found one at SBILIFE with D.QTY = 0.10057471264367816 
2023-09-22 14:34:16,879:run.run:Successfully written at 2023-09-22 14:34:16.879680
2023-09-22 14:40:17,041:run.run:   Found one at COFORGE with D.QTY = 0.10224089635854341 
2023-09-22 14:40:17,041:run.run:   Found one at ICICIGI with D.QTY = 0.14772727272727273 
2023-09-22 14:40:17,042:run.run:   Found one at JKCEMENT with D.QTY = 0.18 
2023-09-22 14:40:17,042:run.run:   Found one at POLYCAB with D.QTY = 0.1486725663716814 
2023-09-22 14:40:17,046:run.run:Successfully written at 2023-09-22 14:40:17.046232
2023-09-22 14:46:17,193:run.run:   Found one at DALBHARAT with D.QTY = 0.12745098039215685 
2023-09-22 14:46:17,198:run.run:Successfully written at 2023-09-22 14:46:17.198863
2023-09-22 14:52:17,342:run.run:   Found one at ASTRAL with D.QTY = 0.13324538258575197 
2023-09-22 14:52:17,343:run.run:   Found one at GRANULES with D.QTY = 0.15553235908141963 
2023-09-22 14:52:17,343:run.run:   Found one at MARICO with D.QTY = 0.11515151515151516 
2023-09-22 14:52:17,344:run.run:   Found one at SHRIRAMFIN with D.QTY = 0.11782477341389729 
2023-09-22 14:52:17,347:run.run:Successfully written at 2023-09-22 14:52:17.347689
2023-09-22 14:58:17,520:run.run:   Found one at GMRINFRA with D.QTY = 0.11244377811094453 
2023-09-22 14:58:17,520:run.run:   Found one at INDIGO with D.QTY = 0.1636546184738956 
2023-09-22 14:58:17,525:run.run:Successfully written at 2023-09-22 14:58:17.525098
2023-09-22 15:04:17,687:run.run:   Found one at JINDALSTEL with D.QTY = 1.1143144485417364 
2023-09-22 15:04:17,687:run.run:   Found one at NAVINFLUOR with D.QTY = 0.11382113821138211 
2023-09-22 15:04:17,691:run.run:Successfully written at 2023-09-22 15:04:17.691743
2023-09-22 15:10:18,036:run.run:   Found one at GRANULES with D.QTY = 0.2599164926931106 
2023-09-22 15:10:18,037:run.run:   Found one at NAVINFLUOR with D.QTY = 0.10840108401084012 
2023-09-22 15:10:18,037:run.run:   Found one at POLYCAB with D.QTY = 0.1079646017699115 
2023-09-22 15:10:18,041:run.run:Successfully written at 2023-09-22 15:10:18.041021
2023-09-22 15:16:18,216:run.run:   Found one at ATUL with D.QTY = 0.2631578947368421 
2023-09-22 15:16:18,217:run.run:   Found one at DIXON with D.QTY = 0.10982658959537572 
2023-09-22 15:16:18,217:run.run:   Found one at GRANULES with D.QTY = 0.1440501043841336 
2023-09-22 15:16:18,218:run.run:   Found one at INDUSTOWER with D.QTY = 0.10190090370832035 
2023-09-22 15:16:18,218:run.run:   Found one at JSWSTEEL with D.QTY = 0.1055956678700361 
2023-09-22 15:16:18,218:run.run:   Found one at NAVINFLUOR with D.QTY = 0.11382113821138211 
2023-09-22 15:16:18,218:run.run:   Found one at POLYCAB with D.QTY = 0.15752212389380532 
2023-09-22 15:16:18,219:run.run:   Found one at TECHM with D.QTY = 0.16554673182651192 
2023-09-22 15:16:18,222:run.run:Successfully written at 2023-09-22 15:16:18.222656
2023-09-22 15:22:18,394:run.run:   Found one at CANBK with D.QTY = 0.11169313957418046 
2023-09-22 15:22:18,394:run.run:   Found one at CIPLA with D.QTY = 0.12095400340715502 
2023-09-22 15:22:18,394:run.run:   Found one at DIVISLAB with D.QTY = 0.10771992818671454 
2023-09-22 15:22:18,394:run.run:   Found one at EXIDEIND with D.QTY = 0.11641443538998836 
2023-09-22 15:22:18,395:run.run:   Found one at INDUSTOWER with D.QTY = 0.15830476784044875 
2023-09-22 15:22:18,395:run.run:   Found one at IOC with D.QTY = 0.10046607975142413 
2023-09-22 15:22:18,396:run.run:   Found one at ULTRACEMCO with D.QTY = 0.11659663865546219 
2023-09-22 15:22:18,399:run.run:Successfully written at 2023-09-22 15:22:18.399467
2023-09-22 15:28:18,653:run.run:   Found one at BATAINDIA with D.QTY = 0.1079136690647482 
2023-09-22 15:28:18,653:run.run:   Found one at BERGEPAINT with D.QTY = 0.10160818713450293 
2023-09-22 15:28:18,653:run.run:   Found one at BSOFT with D.QTY = 0.1702127659574468 
2023-09-22 15:28:18,653:run.run:   Found one at CANBK with D.QTY = 0.10459614734707672 
2023-09-22 15:28:18,653:run.run:   Found one at GRANULES with D.QTY = 0.11795407098121086 
2023-09-22 15:28:18,653:run.run:   Found one at HDFCAMC with D.QTY = 0.33925049309664695 
2023-09-22 15:28:18,653:run.run:   Found one at INDUSTOWER with D.QTY = 0.1274540355250857 
2023-09-22 15:28:18,654:run.run:   Found one at MARICO with D.QTY = 0.1393939393939394 
2023-09-22 15:28:18,654:run.run:   Found one at POLYCAB with D.QTY = 0.11327433628318584 
2023-09-22 15:28:18,654:run.run:   Found one at SBICARD with D.QTY = 0.11673151750972763 
2023-09-22 15:28:18,654:run.run:   Found one at UBL with D.QTY = 0.15 
2023-09-22 15:28:18,657:run.run:Successfully written at 2023-09-22 15:28:18.657097
2023-09-22 15:34:18,837:run.run:   Found one at HDFCAMC with D.QTY = 0.27350427350427353 
2023-09-22 15:34:18,843:run.run:Successfully written at 2023-09-22 15:34:18.843047
2023-09-22 15:40:19,028:run.run:Successfully written at 2023-09-22 15:40:19.028321
2023-09-22 15:46:19,224:run.run:Successfully written at 2023-09-22 15:46:19.224415
2023-09-22 15:52:19,438:run.run:Successfully written at 2023-09-22 15:52:19.438948
2023-09-22 15:58:19,632:run.run:Successfully written at 2023-09-22 15:58:19.632656
2023-09-22 16:04:19,835:run.run:Successfully written at 2023-09-22 16:04:19.835444
2023-09-22 16:10:20,057:run.run:Successfully written at 2023-09-22 16:10:20.057031
2023-09-22 16:16:20,271:run.run:Successfully written at 2023-09-22 16:16:20.271821
2023-09-22 16:22:20,443:run.run:Successfully written at 2023-09-22 16:22:20.443231
2023-09-22 16:28:20,648:run.run:Successfully written at 2023-09-22 16:28:20.648225
2023-09-22 16:34:20,866:run.run:Successfully written at 2023-09-22 16:34:20.866897
2023-09-22 16:40:21,075:run.run:Successfully written at 2023-09-22 16:40:21.075266
